<?xml version="1.0" encoding="UTF-8"?>
<!-- Generated by org.testng.reporters.JUnitReportReporter -->
<testsuite skipped="0" hostname="ayman-saeed" name="Tests.Hotel_Reserve" tests="3" failures="0" timestamp="2021-12-18T23:33:20 EET" time="58.252" errors="0">
  <testcase name="HoverOnHotel_InviewedList" time="47.210" classname="Tests.Hotel_Reserve"/>
  <system-out/>
  <testcase name="Validate_HoveredHotel_AgainstTheOneInMap" time="1.345" classname="Tests.Hotel_Reserve"/>
  <system-out/>
  <testcase name="Validate_ReservationData" time="9.697" classname="Tests.Hotel_Reserve"/>
  <system-out/>
</testsuite> <!-- Tests.Hotel_Reserve -->
